0 info it worked if it ends with ok
1 verbose cli [ '/Users/jwalsh/.nvm/versions/node/v4.4.4/bin/node',
1 verbose cli   '/Users/jwalsh/.nvm/versions/node/v4.4.4/bin/npm',
1 verbose cli   'start' ]
2 info using npm@3.9.0
3 info using node@v4.4.4
4 verbose run-script [ 'prestart', 'start', 'poststart' ]
5 info lifecycle cjs-swagger@0.0.1~prestart: cjs-swagger@0.0.1
6 silly lifecycle cjs-swagger@0.0.1~prestart: no script for prestart, continuing
7 info lifecycle cjs-swagger@0.0.1~start: cjs-swagger@0.0.1
8 verbose lifecycle cjs-swagger@0.0.1~start: unsafe-perm in lifecycle true
9 verbose lifecycle cjs-swagger@0.0.1~start: PATH: /Users/jwalsh/.nvm/versions/node/v4.4.4/lib/node_modules/npm/bin/node-gyp-bin:/Users/jwalsh/development/chartjs-example/cjs-swagger/node_modules/.bin:/Users/jwalsh/.nvm/versions/node/v4.4.4/bin:/Users/jwalsh/.rvm/gems/ruby-2.3.0/bin:/Users/jwalsh/.rvm/gems/ruby-2.3.0@global/bin:/Users/jwalsh/.rvm/rubies/ruby-2.3.0/bin:/Users/jwalsh/.nvm/versions/node/v4.4.4/bin:/Users/jwalsh/.rbenv/shims:/Users/jwalsh/.bin:.git/safe/../../bin:/usr/local/sbin:/usr/local/bin:/usr/bin:/bin:/usr/sbin:/sbin:/usr/local/MacGPG2/bin:/opt/X11/bin:/Users/jwalsh/.rvm/bin
10 verbose lifecycle cjs-swagger@0.0.1~start: CWD: /Users/jwalsh/development/chartjs-example/cjs-swagger
11 silly lifecycle cjs-swagger@0.0.1~start: Args: [ '-c', 'node app.js' ]
12 silly lifecycle cjs-swagger@0.0.1~start: Returned: code: 1  signal: null
13 info lifecycle cjs-swagger@0.0.1~start: Failed to exec start script
14 verbose stack Error: cjs-swagger@0.0.1 start: `node app.js`
14 verbose stack Exit status 1
14 verbose stack     at EventEmitter.<anonymous> (/Users/jwalsh/.nvm/versions/node/v4.4.4/lib/node_modules/npm/lib/utils/lifecycle.js:245:16)
14 verbose stack     at emitTwo (events.js:87:13)
14 verbose stack     at EventEmitter.emit (events.js:172:7)
14 verbose stack     at ChildProcess.<anonymous> (/Users/jwalsh/.nvm/versions/node/v4.4.4/lib/node_modules/npm/lib/utils/spawn.js:24:14)
14 verbose stack     at emitTwo (events.js:87:13)
14 verbose stack     at ChildProcess.emit (events.js:172:7)
14 verbose stack     at maybeClose (internal/child_process.js:827:16)
14 verbose stack     at Process.ChildProcess._handle.onexit (internal/child_process.js:211:5)
15 verbose pkgid cjs-swagger@0.0.1
16 verbose cwd /Users/jwalsh/development/chartjs-example/cjs-swagger
17 error Darwin 17.4.0
18 error argv "/Users/jwalsh/.nvm/versions/node/v4.4.4/bin/node" "/Users/jwalsh/.nvm/versions/node/v4.4.4/bin/npm" "start"
19 error node v4.4.4
20 error npm  v3.9.0
21 error code ELIFECYCLE
22 error cjs-swagger@0.0.1 start: `node app.js`
22 error Exit status 1
23 error Failed at the cjs-swagger@0.0.1 start script 'node app.js'.
23 error Make sure you have the latest version of node.js and npm installed.
23 error If you do, this is most likely a problem with the cjs-swagger package,
23 error not with npm itself.
23 error Tell the author that this fails on your system:
23 error     node app.js
23 error You can get information on how to open an issue for this project with:
23 error     npm bugs cjs-swagger
23 error Or if that isn't available, you can get their info via:
23 error     npm owner ls cjs-swagger
23 error There is likely additional logging output above.
24 verbose exit [ 1, true ]
